2023.03.01 12:21:47 INFO  tracing is disabled for protocol LSP, to enable tracing of incoming and outgoing JSON messages create an empty file at /Users/benxiang/Desktop/CSCI/CSCI3155/Projects/.metals/lsp.trace.json or /Users/benxiang/Library/Caches/org.scalameta.metals/lsp.trace.json
2023.03.01 12:21:48 INFO  logging to file /Users/benxiang/Desktop/CSCI/CSCI3155/Projects/.metals/metals.log
2023.03.01 12:21:48 INFO  Started: Metals version 0.11.10 in workspace '/Users/benxiang/Desktop/CSCI/CSCI3155/Projects' for client Visual Studio Code 1.75.1.
SLF4J: No SLF4J providers were found.
SLF4J: Defaulting to no-operation (NOP) logger implementation
SLF4J: See https://www.slf4j.org/codes.html#noProviders for further details.
SLF4J: Class path contains SLF4J bindings targeting slf4j-api versions 1.7.x or earlier.
SLF4J: Ignoring binding found at [jar:file:/Users/benxiang/Library/Caches/Coursier/v1/https/repo1.maven.org/maven2/com/outr/scribe-slf4j_2.13/3.10.5/scribe-slf4j_2.13-3.10.5.jar!/org/slf4j/impl/StaticLoggerBinder.class]
SLF4J: See https://www.slf4j.org/codes.html#ignoredBindings for an explanation.
2023.03.01 12:21:49 INFO  time: initialize in 0.76s
2023.03.01 12:21:49 WARN  Build server is not auto-connectable.
Mar 01, 2023 12:22:00 PM org.eclipse.lsp4j.jsonrpc.services.GenericEndpoint notify
INFO: Unsupported notification method: $/setTrace
2023.03.01 12:22:05 WARN  no build target for: /Users/benxiang/Desktop/CSCI/CSCI3155/Projects/MP1/project1_student/src/main/scala/edu/colorado/csci3155/project1/Expr.scala
2023.03.01 12:22:07 INFO  no build target found for /Users/benxiang/Desktop/CSCI/CSCI3155/Projects/MP1/project1_student/src/main/scala/edu/colorado/csci3155/project1/Expr.scala. Using presentation compiler with project's scala-library version: 3.2.1
2023.03.01 12:22:09 INFO  time: code lens generation in 3.12s
2023.03.01 12:22:35 WARN  no build target for: /Users/benxiang/Desktop/CSCI/CSCI3155/Projects/MP1/project1_student/src/main/scala/edu/colorado/csci3155/project1/StackMachineCompiler.scala
2023.03.01 12:23:27 WARN  no build target for: /Users/benxiang/Desktop/CSCI/CSCI3155/Projects/MP1/project1_student/src/main/scala/edu/colorado/csci3155/project1/StackMachineCompiler.scala
2023.03.01 12:23:32 WARN  no build target for: /Users/benxiang/Desktop/CSCI/CSCI3155/Projects/MP1/project1_student/src/main/scala/edu/colorado/csci3155/project1/StackMachineEmulator.scala
2023.03.01 12:24:35 WARN  no build target for: /Users/benxiang/Desktop/CSCI/CSCI3155/Projects/MP1/project1_student/src/main/scala/edu/colorado/csci3155/project1/StackMachineEmulator.scala
2023.03.01 12:25:09 WARN  no build target for: /Users/benxiang/Desktop/CSCI/CSCI3155/Projects/MP1/project1_student/src/main/scala/edu/colorado/csci3155/project1/StackMachineEmulator.scala
2023.03.01 12:26:18 WARN  no build target for: /Users/benxiang/Desktop/CSCI/CSCI3155/Projects/MP1/project1_student/src/main/scala/edu/colorado/csci3155/project1/StackMachineEmulator.scala
2023.03.01 12:26:50 WARN  no build target for: /Users/benxiang/Desktop/CSCI/CSCI3155/Projects/MP1/project1_student/src/main/scala/edu/colorado/csci3155/project1/StackMachineCompiler.scala
2023.03.01 12:27:00 WARN  no build target for: /Users/benxiang/Desktop/CSCI/CSCI3155/Projects/MP1/project1_student/src/main/scala/edu/colorado/csci3155/project1/StackMachineCompiler.scala
2023.03.01 12:27:02 WARN  no build target for: /Users/benxiang/Desktop/CSCI/CSCI3155/Projects/MP1/project1_student/src/main/scala/edu/colorado/csci3155/project1/StackMachineCompiler.scala
2023.03.01 12:27:10 WARN  no build target for: /Users/benxiang/Desktop/CSCI/CSCI3155/Projects/MP1/project1_student/src/main/scala/edu/colorado/csci3155/project1/StackMachineCompiler.scala
2023.03.01 12:27:11 WARN  no build target for: /Users/benxiang/Desktop/CSCI/CSCI3155/Projects/MP1/project1_student/src/main/scala/edu/colorado/csci3155/project1/StackMachineCompiler.scala
2023.03.01 12:27:34 WARN  no build target for: /Users/benxiang/Desktop/CSCI/CSCI3155/Projects/MP1/project1_student/src/main/scala/edu/colorado/csci3155/project1/StackMachineCompiler.scala
2023.03.01 12:27:36 WARN  no build target for: /Users/benxiang/Desktop/CSCI/CSCI3155/Projects/MP1/project1_student/src/main/scala/edu/colorado/csci3155/project1/StackMachineCompiler.scala
2023.03.01 12:27:37 WARN  no build target for: /Users/benxiang/Desktop/CSCI/CSCI3155/Projects/MP1/project1_student/src/main/scala/edu/colorado/csci3155/project1/StackMachineCompiler.scala
2023.03.01 12:27:38 WARN  no build target for: /Users/benxiang/Desktop/CSCI/CSCI3155/Projects/MP1/project1_student/src/main/scala/edu/colorado/csci3155/project1/StackMachineCompiler.scala
2023.03.01 12:27:41 WARN  no build target for: /Users/benxiang/Desktop/CSCI/CSCI3155/Projects/MP1/project1_student/src/main/scala/edu/colorado/csci3155/project1/StackMachineCompiler.scala
2023.03.01 12:27:41 WARN  no build target for: /Users/benxiang/Desktop/CSCI/CSCI3155/Projects/MP1/project1_student/src/main/scala/edu/colorado/csci3155/project1/StackMachineCompiler.scala
2023.03.01 12:30:55 WARN  no build target for: /Users/benxiang/Desktop/CSCI/CSCI3155/Projects/MP1/project1_student/src/main/scala/edu/colorado/csci3155/project1/StackMachineCompiler.scala
2023.03.01 12:30:56 WARN  no build target for: /Users/benxiang/Desktop/CSCI/CSCI3155/Projects/MP1/project1_student/src/main/scala/edu/colorado/csci3155/project1/StackMachineCompiler.scala
2023.03.01 12:35:34 WARN  no build target for: /Users/benxiang/Desktop/CSCI/CSCI3155/Projects/MP1/project1_student/src/main/scala/edu/colorado/csci3155/project1/StackMachineCompiler.scala
Mar 01, 2023 12:46:10 PM org.eclipse.lsp4j.jsonrpc.RemoteEndpoint handleNotification
WARNING: Notification threw an exception: {
  "jsonrpc": "2.0",
  "method": "metals/didFocusTextDocument",
  "params": [
    "vscode-notebook-cell:/Users/benxiang/Downloads/STUDENT_Assignment5%20%281%29.ipynb#X12sZmlsZQ%3D%3D"
  ]
}
java.lang.RuntimeException: java.lang.reflect.InvocationTargetException
	at org.eclipse.lsp4j.jsonrpc.services.GenericEndpoint.lambda$null$0(GenericEndpoint.java:67)
	at org.eclipse.lsp4j.jsonrpc.services.GenericEndpoint.notify(GenericEndpoint.java:152)
	at org.eclipse.lsp4j.jsonrpc.RemoteEndpoint.handleNotification(RemoteEndpoint.java:220)
	at org.eclipse.lsp4j.jsonrpc.RemoteEndpoint.consume(RemoteEndpoint.java:187)
	at org.eclipse.lsp4j.jsonrpc.json.StreamMessageProducer.handleMessage(StreamMessageProducer.java:194)
	at org.eclipse.lsp4j.jsonrpc.json.StreamMessageProducer.listen(StreamMessageProducer.java:94)
	at org.eclipse.lsp4j.jsonrpc.json.ConcurrentMessageProcessor.run(ConcurrentMessageProcessor.java:113)
	at java.base/java.util.concurrent.Executors$RunnableAdapter.call(Executors.java:515)
	at java.base/java.util.concurrent.FutureTask.run(FutureTask.java:264)
	at java.base/java.util.concurrent.ThreadPoolExecutor.runWorker(ThreadPoolExecutor.java:1128)
	at java.base/java.util.concurrent.ThreadPoolExecutor$Worker.run(ThreadPoolExecutor.java:628)
	at java.base/java.lang.Thread.run(Thread.java:829)
Caused by: java.lang.reflect.InvocationTargetException
	at jdk.internal.reflect.GeneratedMethodAccessor3.invoke(Unknown Source)
	at java.base/jdk.internal.reflect.DelegatingMethodAccessorImpl.invoke(DelegatingMethodAccessorImpl.java:43)
	at java.base/java.lang.reflect.Method.invoke(Method.java:566)
	at org.eclipse.lsp4j.jsonrpc.services.GenericEndpoint.lambda$null$0(GenericEndpoint.java:65)
	... 11 more
Caused by: java.nio.file.FileSystemNotFoundException: Provider "vscode-notebook-cell" not installed
	at java.base/java.nio.file.Path.of(Path.java:212)
	at java.base/java.nio.file.Paths.get(Paths.java:97)
	at scala.meta.internal.mtags.MtagsEnrichments$XtensionURIMtags.toAbsolutePath(MtagsEnrichments.scala:119)
	at scala.meta.internal.mtags.MtagsEnrichments$XtensionStringMtags.toAbsolutePath(MtagsEnrichments.scala:158)
	at scala.meta.internal.metals.MetalsEnrichments$XtensionString.toAbsolutePath(MetalsEnrichments.scala:609)
	at scala.meta.internal.metals.MetalsEnrichments$XtensionString.toAbsolutePath(MetalsEnrichments.scala:606)
	at scala.meta.internal.metals.MetalsLanguageServer.didFocus(MetalsLanguageServer.scala:1200)
	... 15 more

Mar 01, 2023 12:47:07 PM org.eclipse.lsp4j.jsonrpc.RemoteEndpoint handleNotification
WARNING: Notification threw an exception: {
  "jsonrpc": "2.0",
  "method": "metals/didFocusTextDocument",
  "params": [
    "vscode-notebook-cell:/Users/benxiang/Downloads/STUDENT_Assignment5%20%281%29.ipynb#X12sZmlsZQ%3D%3D"
  ]
}
java.lang.RuntimeException: java.lang.reflect.InvocationTargetException
	at org.eclipse.lsp4j.jsonrpc.services.GenericEndpoint.lambda$null$0(GenericEndpoint.java:67)
	at org.eclipse.lsp4j.jsonrpc.services.GenericEndpoint.notify(GenericEndpoint.java:152)
	at org.eclipse.lsp4j.jsonrpc.RemoteEndpoint.handleNotification(RemoteEndpoint.java:220)
	at org.eclipse.lsp4j.jsonrpc.RemoteEndpoint.consume(RemoteEndpoint.java:187)
	at org.eclipse.lsp4j.jsonrpc.json.StreamMessageProducer.handleMessage(StreamMessageProducer.java:194)
	at org.eclipse.lsp4j.jsonrpc.json.StreamMessageProducer.listen(StreamMessageProducer.java:94)
	at org.eclipse.lsp4j.jsonrpc.json.ConcurrentMessageProcessor.run(ConcurrentMessageProcessor.java:113)
	at java.base/java.util.concurrent.Executors$RunnableAdapter.call(Executors.java:515)
	at java.base/java.util.concurrent.FutureTask.run(FutureTask.java:264)
	at java.base/java.util.concurrent.ThreadPoolExecutor.runWorker(ThreadPoolExecutor.java:1128)
	at java.base/java.util.concurrent.ThreadPoolExecutor$Worker.run(ThreadPoolExecutor.java:628)
	at java.base/java.lang.Thread.run(Thread.java:829)
Caused by: java.lang.reflect.InvocationTargetException
	at jdk.internal.reflect.GeneratedMethodAccessor3.invoke(Unknown Source)
	at java.base/jdk.internal.reflect.DelegatingMethodAccessorImpl.invoke(DelegatingMethodAccessorImpl.java:43)
	at java.base/java.lang.reflect.Method.invoke(Method.java:566)
	at org.eclipse.lsp4j.jsonrpc.services.GenericEndpoint.lambda$null$0(GenericEndpoint.java:65)
	... 11 more
Caused by: java.nio.file.FileSystemNotFoundException: Provider "vscode-notebook-cell" not installed
	at java.base/java.nio.file.Path.of(Path.java:212)
	at java.base/java.nio.file.Paths.get(Paths.java:97)
	at scala.meta.internal.mtags.MtagsEnrichments$XtensionURIMtags.toAbsolutePath(MtagsEnrichments.scala:119)
	at scala.meta.internal.mtags.MtagsEnrichments$XtensionStringMtags.toAbsolutePath(MtagsEnrichments.scala:158)
	at scala.meta.internal.metals.MetalsEnrichments$XtensionString.toAbsolutePath(MetalsEnrichments.scala:609)
	at scala.meta.internal.metals.MetalsEnrichments$XtensionString.toAbsolutePath(MetalsEnrichments.scala:606)
	at scala.meta.internal.metals.MetalsLanguageServer.didFocus(MetalsLanguageServer.scala:1200)
	... 15 more

Mar 01, 2023 12:49:03 PM org.eclipse.lsp4j.jsonrpc.RemoteEndpoint handleNotification
WARNING: Notification threw an exception: {
  "jsonrpc": "2.0",
  "method": "metals/didFocusTextDocument",
  "params": [
    "vscode-notebook-cell:/Users/benxiang/Downloads/STUDENT_Assignment5%20%281%29.ipynb#X12sZmlsZQ%3D%3D"
  ]
}
java.lang.RuntimeException: java.lang.reflect.InvocationTargetException
	at org.eclipse.lsp4j.jsonrpc.services.GenericEndpoint.lambda$null$0(GenericEndpoint.java:67)
	at org.eclipse.lsp4j.jsonrpc.services.GenericEndpoint.notify(GenericEndpoint.java:152)
	at org.eclipse.lsp4j.jsonrpc.RemoteEndpoint.handleNotification(RemoteEndpoint.java:220)
	at org.eclipse.lsp4j.jsonrpc.RemoteEndpoint.consume(RemoteEndpoint.java:187)
	at org.eclipse.lsp4j.jsonrpc.json.StreamMessageProducer.handleMessage(StreamMessageProducer.java:194)
	at org.eclipse.lsp4j.jsonrpc.json.StreamMessageProducer.listen(StreamMessageProducer.java:94)
	at org.eclipse.lsp4j.jsonrpc.json.ConcurrentMessageProcessor.run(ConcurrentMessageProcessor.java:113)
	at java.base/java.util.concurrent.Executors$RunnableAdapter.call(Executors.java:515)
	at java.base/java.util.concurrent.FutureTask.run(FutureTask.java:264)
	at java.base/java.util.concurrent.ThreadPoolExecutor.runWorker(ThreadPoolExecutor.java:1128)
	at java.base/java.util.concurrent.ThreadPoolExecutor$Worker.run(ThreadPoolExecutor.java:628)
	at java.base/java.lang.Thread.run(Thread.java:829)
Caused by: java.lang.reflect.InvocationTargetException
	at jdk.internal.reflect.GeneratedMethodAccessor3.invoke(Unknown Source)
	at java.base/jdk.internal.reflect.DelegatingMethodAccessorImpl.invoke(DelegatingMethodAccessorImpl.java:43)
	at java.base/java.lang.reflect.Method.invoke(Method.java:566)
	at org.eclipse.lsp4j.jsonrpc.services.GenericEndpoint.lambda$null$0(GenericEndpoint.java:65)
	... 11 more
Caused by: java.nio.file.FileSystemNotFoundException: Provider "vscode-notebook-cell" not installed
	at java.base/java.nio.file.Path.of(Path.java:212)
	at java.base/java.nio.file.Paths.get(Paths.java:97)
	at scala.meta.internal.mtags.MtagsEnrichments$XtensionURIMtags.toAbsolutePath(MtagsEnrichments.scala:119)
	at scala.meta.internal.mtags.MtagsEnrichments$XtensionStringMtags.toAbsolutePath(MtagsEnrichments.scala:158)
	at scala.meta.internal.metals.MetalsEnrichments$XtensionString.toAbsolutePath(MetalsEnrichments.scala:609)
	at scala.meta.internal.metals.MetalsEnrichments$XtensionString.toAbsolutePath(MetalsEnrichments.scala:606)
	at scala.meta.internal.metals.MetalsLanguageServer.didFocus(MetalsLanguageServer.scala:1200)
	... 15 more

Mar 01, 2023 12:51:00 PM org.eclipse.lsp4j.jsonrpc.RemoteEndpoint handleNotification
WARNING: Notification threw an exception: {
  "jsonrpc": "2.0",
  "method": "metals/didFocusTextDocument",
  "params": [
    "vscode-notebook-cell:/Users/benxiang/Downloads/STUDENT_Assignment5%20%281%29.ipynb#X12sZmlsZQ%3D%3D"
  ]
}
java.lang.RuntimeException: java.lang.reflect.InvocationTargetException
	at org.eclipse.lsp4j.jsonrpc.services.GenericEndpoint.lambda$null$0(GenericEndpoint.java:67)
	at org.eclipse.lsp4j.jsonrpc.services.GenericEndpoint.notify(GenericEndpoint.java:152)
	at org.eclipse.lsp4j.jsonrpc.RemoteEndpoint.handleNotification(RemoteEndpoint.java:220)
	at org.eclipse.lsp4j.jsonrpc.RemoteEndpoint.consume(RemoteEndpoint.java:187)
	at org.eclipse.lsp4j.jsonrpc.json.StreamMessageProducer.handleMessage(StreamMessageProducer.java:194)
	at org.eclipse.lsp4j.jsonrpc.json.StreamMessageProducer.listen(StreamMessageProducer.java:94)
	at org.eclipse.lsp4j.jsonrpc.json.ConcurrentMessageProcessor.run(ConcurrentMessageProcessor.java:113)
	at java.base/java.util.concurrent.Executors$RunnableAdapter.call(Executors.java:515)
	at java.base/java.util.concurrent.FutureTask.run(FutureTask.java:264)
	at java.base/java.util.concurrent.ThreadPoolExecutor.runWorker(ThreadPoolExecutor.java:1128)
	at java.base/java.util.concurrent.ThreadPoolExecutor$Worker.run(ThreadPoolExecutor.java:628)
	at java.base/java.lang.Thread.run(Thread.java:829)
Caused by: java.lang.reflect.InvocationTargetException
	at jdk.internal.reflect.GeneratedMethodAccessor3.invoke(Unknown Source)
	at java.base/jdk.internal.reflect.DelegatingMethodAccessorImpl.invoke(DelegatingMethodAccessorImpl.java:43)
	at java.base/java.lang.reflect.Method.invoke(Method.java:566)
	at org.eclipse.lsp4j.jsonrpc.services.GenericEndpoint.lambda$null$0(GenericEndpoint.java:65)
	... 11 more
Caused by: java.nio.file.FileSystemNotFoundException: Provider "vscode-notebook-cell" not installed
	at java.base/java.nio.file.Path.of(Path.java:212)
	at java.base/java.nio.file.Paths.get(Paths.java:97)
	at scala.meta.internal.mtags.MtagsEnrichments$XtensionURIMtags.toAbsolutePath(MtagsEnrichments.scala:119)
	at scala.meta.internal.mtags.MtagsEnrichments$XtensionStringMtags.toAbsolutePath(MtagsEnrichments.scala:158)
	at scala.meta.internal.metals.MetalsEnrichments$XtensionString.toAbsolutePath(MetalsEnrichments.scala:609)
	at scala.meta.internal.metals.MetalsEnrichments$XtensionString.toAbsolutePath(MetalsEnrichments.scala:606)
	at scala.meta.internal.metals.MetalsLanguageServer.didFocus(MetalsLanguageServer.scala:1200)
	... 15 more

Mar 01, 2023 12:53:37 PM org.eclipse.lsp4j.jsonrpc.RemoteEndpoint handleNotification
WARNING: Notification threw an exception: {
  "jsonrpc": "2.0",
  "method": "metals/didFocusTextDocument",
  "params": [
    "vscode-notebook-cell:/Users/benxiang/Downloads/STUDENT_Assignment5%20%281%29.ipynb#X12sZmlsZQ%3D%3D"
  ]
}
java.lang.RuntimeException: java.lang.reflect.InvocationTargetException
	at org.eclipse.lsp4j.jsonrpc.services.GenericEndpoint.lambda$null$0(GenericEndpoint.java:67)
	at org.eclipse.lsp4j.jsonrpc.services.GenericEndpoint.notify(GenericEndpoint.java:152)
	at org.eclipse.lsp4j.jsonrpc.RemoteEndpoint.handleNotification(RemoteEndpoint.java:220)
	at org.eclipse.lsp4j.jsonrpc.RemoteEndpoint.consume(RemoteEndpoint.java:187)
	at org.eclipse.lsp4j.jsonrpc.json.StreamMessageProducer.handleMessage(StreamMessageProducer.java:194)
	at org.eclipse.lsp4j.jsonrpc.json.StreamMessageProducer.listen(StreamMessageProducer.java:94)
	at org.eclipse.lsp4j.jsonrpc.json.ConcurrentMessageProcessor.run(ConcurrentMessageProcessor.java:113)
	at java.base/java.util.concurrent.Executors$RunnableAdapter.call(Executors.java:515)
	at java.base/java.util.concurrent.FutureTask.run(FutureTask.java:264)
	at java.base/java.util.concurrent.ThreadPoolExecutor.runWorker(ThreadPoolExecutor.java:1128)
	at java.base/java.util.concurrent.ThreadPoolExecutor$Worker.run(ThreadPoolExecutor.java:628)
	at java.base/java.lang.Thread.run(Thread.java:829)
Caused by: java.lang.reflect.InvocationTargetException
	at jdk.internal.reflect.GeneratedMethodAccessor3.invoke(Unknown Source)
	at java.base/jdk.internal.reflect.DelegatingMethodAccessorImpl.invoke(DelegatingMethodAccessorImpl.java:43)
	at java.base/java.lang.reflect.Method.invoke(Method.java:566)
	at org.eclipse.lsp4j.jsonrpc.services.GenericEndpoint.lambda$null$0(GenericEndpoint.java:65)
	... 11 more
Caused by: java.nio.file.FileSystemNotFoundException: Provider "vscode-notebook-cell" not installed
	at java.base/java.nio.file.Path.of(Path.java:212)
	at java.base/java.nio.file.Paths.get(Paths.java:97)
	at scala.meta.internal.mtags.MtagsEnrichments$XtensionURIMtags.toAbsolutePath(MtagsEnrichments.scala:119)
	at scala.meta.internal.mtags.MtagsEnrichments$XtensionStringMtags.toAbsolutePath(MtagsEnrichments.scala:158)
	at scala.meta.internal.metals.MetalsEnrichments$XtensionString.toAbsolutePath(MetalsEnrichments.scala:609)
	at scala.meta.internal.metals.MetalsEnrichments$XtensionString.toAbsolutePath(MetalsEnrichments.scala:606)
	at scala.meta.internal.metals.MetalsLanguageServer.didFocus(MetalsLanguageServer.scala:1200)
	... 15 more

2023.03.01 13:02:52 WARN  no build target for: /Users/benxiang/Desktop/CSCI/CSCI3155/Projects/MP1/project1_student/build.sbt
Mar 01, 2023 2:36:07 PM org.eclipse.lsp4j.jsonrpc.RemoteEndpoint handleNotification
WARNING: Notification threw an exception: {
  "jsonrpc": "2.0",
  "method": "metals/didFocusTextDocument",
  "params": [
    "vscode-notebook-cell:/Users/benxiang/Downloads/STUDENT_Assignment5%20%281%29.ipynb#X12sZmlsZQ%3D%3D"
  ]
}
java.lang.RuntimeException: java.lang.reflect.InvocationTargetException
	at org.eclipse.lsp4j.jsonrpc.services.GenericEndpoint.lambda$null$0(GenericEndpoint.java:67)
	at org.eclipse.lsp4j.jsonrpc.services.GenericEndpoint.notify(GenericEndpoint.java:152)
	at org.eclipse.lsp4j.jsonrpc.RemoteEndpoint.handleNotification(RemoteEndpoint.java:220)
	at org.eclipse.lsp4j.jsonrpc.RemoteEndpoint.consume(RemoteEndpoint.java:187)
	at org.eclipse.lsp4j.jsonrpc.json.StreamMessageProducer.handleMessage(StreamMessageProducer.java:194)
	at org.eclipse.lsp4j.jsonrpc.json.StreamMessageProducer.listen(StreamMessageProducer.java:94)
	at org.eclipse.lsp4j.jsonrpc.json.ConcurrentMessageProcessor.run(ConcurrentMessageProcessor.java:113)
	at java.base/java.util.concurrent.Executors$RunnableAdapter.call(Executors.java:515)
	at java.base/java.util.concurrent.FutureTask.run(FutureTask.java:264)
	at java.base/java.util.concurrent.ThreadPoolExecutor.runWorker(ThreadPoolExecutor.java:1128)
	at java.base/java.util.concurrent.ThreadPoolExecutor$Worker.run(ThreadPoolExecutor.java:628)
	at java.base/java.lang.Thread.run(Thread.java:829)
Caused by: java.lang.reflect.InvocationTargetException
	at jdk.internal.reflect.GeneratedMethodAccessor3.invoke(Unknown Source)
	at java.base/jdk.internal.reflect.DelegatingMethodAccessorImpl.invoke(DelegatingMethodAccessorImpl.java:43)
	at java.base/java.lang.reflect.Method.invoke(Method.java:566)
	at org.eclipse.lsp4j.jsonrpc.services.GenericEndpoint.lambda$null$0(GenericEndpoint.java:65)
	... 11 more
Caused by: java.nio.file.FileSystemNotFoundException: Provider "vscode-notebook-cell" not installed
	at java.base/java.nio.file.Path.of(Path.java:212)
	at java.base/java.nio.file.Paths.get(Paths.java:97)
	at scala.meta.internal.mtags.MtagsEnrichments$XtensionURIMtags.toAbsolutePath(MtagsEnrichments.scala:119)
	at scala.meta.internal.mtags.MtagsEnrichments$XtensionStringMtags.toAbsolutePath(MtagsEnrichments.scala:158)
	at scala.meta.internal.metals.MetalsEnrichments$XtensionString.toAbsolutePath(MetalsEnrichments.scala:609)
	at scala.meta.internal.metals.MetalsEnrichments$XtensionString.toAbsolutePath(MetalsEnrichments.scala:606)
	at scala.meta.internal.metals.MetalsLanguageServer.didFocus(MetalsLanguageServer.scala:1200)
	... 15 more

2023.03.01 14:40:12 INFO  shutting down Metals
2023.03.06 12:22:26 INFO  Started: Metals version 0.11.11 in workspace '/Users/benxiang/Desktop/CSCI/CSCI3155/Project1' for client Visual Studio Code 1.76.0.
SLF4J: No SLF4J providers were found.
SLF4J: Defaulting to no-operation (NOP) logger implementation
SLF4J: See https://www.slf4j.org/codes.html#noProviders for further details.
SLF4J: Class path contains SLF4J bindings targeting slf4j-api versions 1.7.x or earlier.
SLF4J: Ignoring binding found at [jar:file:/Users/benxiang/Library/Caches/Coursier/v1/https/repo1.maven.org/maven2/com/outr/scribe-slf4j_2.13/3.11.0/scribe-slf4j_2.13-3.11.0.jar!/org/slf4j/impl/StaticLoggerBinder.class]
SLF4J: See https://www.slf4j.org/codes.html#ignoredBindings for an explanation.
2023.03.06 12:22:27 INFO  time: initialize in 0.3s
2023.03.06 12:22:28 INFO  Attempting to connect to the build server...
2023.03.06 12:22:28 INFO  Running BSP server [/opt/homebrew/Cellar/openjdk@11/11.0.18/libexec/openjdk.jdk/Contents/Home/bin/java, -Xms100m, -Xmx100m, -classpath, /Users/benxiang/Library/Caches/Coursier/arc/https/github.com/sbt/sbt/releases/download/v1.8.2/sbt-1.8.2.zip/sbt/bin/sbt-launch.jar, -Dsbt.script=/Users/benxiang/Library/Caches/Coursier/arc/https/github.com/sbt/sbt/releases/download/v1.8.2/sbt-1.8.2.zip/sbt/bin/sbt, xsbt.boot.Boot, -bsp]
2023.03.06 12:22:28 INFO  tracing is disabled for protocol BSP, to enable tracing of incoming and outgoing JSON messages create an empty file at /Users/benxiang/Desktop/CSCI/CSCI3155/Project1/.metals/bsp.trace.json or /Users/benxiang/Library/Caches/org.scalameta.metals/bsp.trace.json
2023.03.06 12:22:28 WARN  no build target for: /Users/benxiang/Desktop/CSCI/CSCI3155/Project1/project/metals.sbt
2023.03.06 12:22:28 WARN  no build target for: /Users/benxiang/Desktop/CSCI/CSCI3155/Project1/project/project/metals.sbt
2023.03.06 12:22:29 INFO  time: Connected to build server in 1.1s
2023.03.06 12:22:29 INFO  Connected to Build server: sbt v1.8.2
2023.03.06 12:22:31 INFO  no build target found for /Users/benxiang/Desktop/CSCI/CSCI3155/Project1/MP1/project1_student/src/main/scala/edu/colorado/csci3155/project1/StackMachineEmulator.scala. Using presentation compiler with project's scala-library version: 3.2.2
2023.03.06 12:22:31 INFO  time: code lens generation in 3.22s
2023.03.06 12:22:31 INFO  Processing workspace/buildTargets
2023.03.06 12:22:31 INFO  Processing buildTarget/scalacOptions
2023.03.06 12:22:31 INFO  Processing buildTarget/sources
2023.03.06 12:22:31 INFO  Processing buildTarget/dependencySources
2023.03.06 12:22:32 INFO  time: Imported build in 0.81s
2023.03.06 12:22:32 INFO  no build target found for /Users/benxiang/Desktop/CSCI/CSCI3155/Project1/project/metals.sbt. Using presentation compiler with project's scala-library version: 3.2.2
2023.03.06 12:22:35 INFO  time: indexed workspace in 2.45s
2023.03.06 12:22:35 INFO  Processing buildTarget/scalaMainClasses
2023.03.06 12:22:35 WARN  sbt does not support `buildTarget/inverseSources`, unable to fetch targets owning source.
2023.03.06 12:22:35 WARN  no build target for: /Users/benxiang/Desktop/CSCI/CSCI3155/Project1/MP1/project1_student/src/main/scala/edu/colorado/csci3155/project1/StackMachineEmulator.scala
2023.03.06 12:22:35 WARN  sbt does not support `buildTarget/inverseSources`, unable to fetch targets owning source.
2023.03.06 12:22:35 WARN  no build target for: /Users/benxiang/Desktop/CSCI/CSCI3155/Project1/MP1/project1_student/src/main/scala/edu/colorado/csci3155/project1/StackMachineEmulator.scala
2023.03.06 12:22:35 INFO  compiling project1
2023.03.06 12:22:36 INFO  time: compiled project1 in 1.13s
2023.03.06 12:22:36 INFO  compiling project1-test
2023.03.06 12:22:36 INFO  time: compiled project1-test in 314μs
2023.03.06 12:22:36 INFO  Processing buildTarget/scalaTestClasses
2023.03.06 12:22:36 INFO  compiling project1
2023.03.06 12:22:36 INFO  time: compiled project1 in 447μs
2023.03.06 12:22:36 INFO  compiling project1-test
2023.03.06 12:22:36 INFO  time: compiled project1-test in 209μs
2023.03.06 12:22:36 INFO  Processing buildTarget/jvmRunEnvironment
2023.03.06 12:22:36 INFO  compiling project1
2023.03.06 12:22:36 INFO  time: compiled project1 in 348μs
2023.03.06 12:22:36 INFO  compiling project1-test
2023.03.06 12:22:36 INFO  time: compiled project1-test in 201μs
2023.03.06 12:27:49 INFO  Shutting down server
2023.03.06 12:27:49 INFO  shutting down Metals
2023.03.06 12:27:49 INFO  Shut down connection with build server.
2023.03.06 12:27:49 INFO  Exiting server
